<?xml version="1.0" encoding="UTF-8"?>
<!-- Generated by org.testng.reporters.JUnitReportReporter -->
<testsuite hostname="M5-D-HXFVXJ2" failures="0" tests="1" name="NewTest" time="7.388" errors="0" timestamp="31 Oct 2018 11:16:12 GMT" skipped="0">
  <testcase classname="NewTest" name="f" time="7.388"/>
</testsuite> <!-- NewTest -->
