<?xml version="1.0" encoding="UTF-8"?>
<!-- Generated by org.testng.reporters.JUnitReportReporter -->
<testsuite hostname="M5-D-HXFVXJ2" failures="0" tests="1" name="executionEngine.DriverscriptTest" time="22.829" errors="0" timestamp="01 Nov 2018 06:31:53 GMT" skipped="0">
  <testcase classname="executionEngine.DriverscriptTest" name="Test" time="22.829"/>
</testsuite> <!-- executionEngine.DriverscriptTest -->
