<?xml version="1.0" encoding="UTF-8"?>
<!-- Generated by org.testng.reporters.JUnitReportReporter -->
<testsuite hostname="M5-D-HXFVXJ2" failures="0" tests="1" name="executionEngine.DriverscriptTest" time="18.408" errors="0" timestamp="01 Nov 2018 07:32:40 GMT" skipped="0">
  <testcase classname="executionEngine.DriverscriptTest" name="Test" time="18.408"/>
</testsuite> <!-- executionEngine.DriverscriptTest -->
